Advent of Code 2016 day 4
rampaging projectile rabbit training - 837
consumer grade flower acquisition - 171
colorful bunny purchasing - 813
unstable basket customer service - 271
radioactive plastic grass workshop - 318
international chocolate receiving - 295
rampaging dye user testing - 143
classified rabbit development - 224
weaponized dye shipping - 190
cryogenic rabbit technology - 886
unstable flower workshop - 940
corrosive flower training - 391
classified candy storage - 428
magnetic bunny analysis - 926
unstable flower training - 711
corrosive scavenger hunt analysis - 384
classified candy coating department - 168
cryogenic candy storage - 325
projectile scavenger hunt engineering - 122
magnetic military grade egg storage - 229
fuzzy cryogenic basket laboratory - 500
fuzzy plastic grass user testing - 147
unstable flower design - 745
international rabbit customer service - 480
military grade biohazardous candy technology - 451
fuzzy basket user testing - 341
unstable dye research - 637
classified dye storage - 621
consumer grade chocolate training - 458
magnetic jellybean development - 697
projectile candy coating containment - 952
top secret projectile plastic grass research - 582
colorful bunny department - 148
rampaging military grade candy coating operations - 822
biohazardous jellybean development - 385
top secret jellybean research - 823
cryogenic bunny research - 374
magnetic plastic grass management - 714
military grade chocolate purchasing - 805
top secret chocolate marketing - 396
fuzzy candy research - 927
weaponized jellybean shipping - 216
rampaging scavenger hunt reacquisition - 616
military grade flower marketing - 323
biohazardous plastic grass training - 448
classified rabbit operations - 930
magnetic candy coating workshop - 782
international scavenger hunt marketing - 422
projectile scavenger hunt acquisition - 916
fuzzy scavenger hunt acquisition - 684
rampaging chocolate design - 116
unstable basket marketing - 291
magnetic consumer grade basket user testing - 828
biohazardous plastic grass customer service - 928
unstable weaponized chocolate receiving - 562
consumer grade rabbit receiving - 563
fuzzy flower receiving - 433
colorful basket storage - 829
top secret basket financing - 266
international egg laboratory - 330
corrosive basket user testing - 441
rampaging jellybean sales - 775
international plastic grass sales - 272
consumer grade scavenger hunt training - 218
magnetic flower workshop - 177
top secret candy deployment - 373
cryogenic basket financing - 886
biohazardous dye design - 954
corrosive rabbit sales - 246
cryogenic scavenger hunt design - 287
cryogenic rabbit workshop - 662
rampaging scavenger hunt acquisition - 464
radioactive bunny purchasing - 569
magnetic plastic grass logistics - 673
biohazardous jellybean engineering - 524
weaponized chocolate department - 228
international plastic grass containment - 640
rampaging classified plastic grass acquisition - 365
international dye purchasing - 482
weaponized rampaging bunny receiving - 354
consumer grade weaponized rabbit user testing - 456
unstable chocolate acquisition - 697
weaponized egg containment - 557
unstable flower sales - 756
cryogenic basket management - 817
consumer grade flower customer service - 826
military grade fuzzy candy user testing - 552
weaponized egg logistics - 751
rampaging chocolate logistics - 405
magnetic scavenger hunt laboratory - 722
rampaging rabbit technology - 946
consumer grade rampaging chocolate research - 773
fuzzy basket analysis - 653
classified egg services - 534
biohazardous cryogenic rabbit research - 687
weaponized jellybean containment - 958
fuzzy bunny deployment - 138
magnetic chocolate research - 210
consumer grade candy engineering - 484
unstable flower storage - 888
international basket analysis - 509
magnetic plastic grass workshop - 241
weaponized candy storage - 590
biohazardous plastic grass technology - 340
projectile dye laboratory - 864
consumer grade basket research - 815
top secret scavenger hunt technology - 410
cryogenic dye deployment - 674
fuzzy candy coating reacquisition - 729
fuzzy weaponized basket user testing - 465
cryogenic plastic grass management - 725
cryogenic jellybean customer service - 608
consumer grade candy user testing - 679
consumer grade chocolate department - 248
unstable candy coating reacquisition - 552
cryogenic rabbit financing - 298
cryogenic scavenger hunt laboratory - 103
international chocolate purchasing - 846
weaponized candy department - 361
corrosive candy shipping - 830
cryogenic colorful candy coating operations - 900
fuzzy dye sales - 162
classified magnetic plastic grass management - 115
corrosive plastic grass reacquisition - 680
unstable bunny workshop - 638
corrosive unstable chocolate shipping - 243
cryogenic chocolate analysis - 894
magnetic classified candy operations - 747
rampaging plastic grass containment - 150
fuzzy scavenger hunt design - 696
unstable flower logistics - 954
colorful jellybean department - 556
international candy design - 621
radioactive projectile plastic grass development - 239
international basket laboratory - 472
radioactive magnetic bunny management - 967
projectile plastic grass analysis - 965
cryogenic jellybean sales - 704
unstable corrosive scavenger hunt analysis - 830
military grade jellybean training - 940
corrosive chocolate reacquisition - 335
colorful bunny laboratory - 978
biohazardous dye department - 606
projectile bunny technology - 250
fuzzy rabbit development - 821
top secret candy coating research - 968
rampaging jellybean technology - 987
projectile plastic grass technology - 152
international basket customer service - 129
international scavenger hunt deployment - 225
radioactive plastic grass sales - 989
classified basket development - 896
magnetic basket storage - 224
rampaging egg storage - 542
fuzzy unstable dye management - 506
rampaging dye storage - 300
biohazardous rabbit user testing - 481
classified fuzzy plastic grass receiving - 957
classified plastic grass customer service - 353
cryogenic rabbit services - 443
biohazardous dye user testing - 613
top secret bunny research - 351
colorful basket customer service - 892
cryogenic rabbit laboratory - 296
radioactive candy management - 902
northpole object storage - 984
projectile dye user testing - 387
military grade scavenger hunt management - 596
classified dye design - 471
colorful basket analysis - 147
cryogenic dye workshop - 440
cryogenic basket marketing - 590
colorful egg deployment - 644
projectile candy coating engineering - 630
colorful rabbit services - 509
projectile candy coating operations - 665
radioactive basket development - 611
projectile flower analysis - 159
military grade chocolate development - 517
top secret basket containment - 698
fuzzy flower engineering - 647
fuzzy flower operations - 915
rampaging basket storage - 530
biohazardous dye financing - 723
international candy coating laboratory - 259
magnetic egg containment - 847
unstable scavenger hunt financing - 184
fuzzy plastic grass containment - 410
projectile chocolate deployment - 641
unstable candy coating financing - 684
weaponized plastic grass sales - 313
weaponized scavenger hunt analysis - 836
unstable rabbit analysis - 248
weaponized military grade rabbit research - 670
projectile candy deployment - 204
rampaging military grade plastic grass research - 847
biohazardous candy coating development - 340
military grade magnetic rabbit sales - 931
weaponized bunny purchasing - 827
top secret unstable flower operations - 733
cryogenic dye department - 122
magnetic flower shipping - 118
weaponized basket marketing - 989
unstable bunny training - 654
unstable military grade plastic grass development - 928
radioactive jellybean research - 765
unstable chocolate technology - 174
colorful candy storage - 275
military grade chocolate containment - 828
weaponized candy workshop - 793
unstable egg research - 266
colorful projectile plastic grass engineering - 613
top secret scavenger hunt purchasing - 752
colorful jellybean management - 421
weaponized chocolate sales - 440
corrosive dye engineering - 399
rampaging candy coating laboratory - 792
cryogenic scavenger hunt analysis - 680
magnetic egg management - 489
projectile basket logistics - 294
unstable bunny reacquisition - 772
fuzzy plastic grass management - 849
military grade scavenger hunt containment - 968
unstable flower operations - 883
radioactive rabbit customer service - 201
corrosive egg logistics - 507
corrosive egg design - 811
consumer grade classified candy coating financing - 761
rampaging top secret flower shipping - 269
corrosive chocolate user testing - 807
magnetic dye training - 282
biohazardous scavenger hunt purchasing - 865
military grade weaponized rabbit storage - 245
unstable scavenger hunt storage - 378
classified candy containment - 725
projectile basket engineering - 245
military grade egg deployment - 563
international egg operations - 576
consumer grade chocolate marketing - 876
military grade egg workshop - 417
consumer grade jellybean training - 388
unstable scavenger hunt customer service - 133
weaponized scavenger hunt containment - 704
projectile scavenger hunt containment - 829
unstable egg customer service - 152
military grade candy coating containment - 632
magnetic candy coating deployment - 684
fuzzy top secret jellybean deployment - 222
international flower user testing - 233
unstable jellybean user testing - 593
radioactive dye engineering - 348
consumer grade biohazardous bunny customer service - 951
weaponized bunny analysis - 644
colorful chocolate services - 142
radioactive dye design - 860
projectile chocolate laboratory - 773
international dye research - 132
biohazardous plastic grass analysis - 700
magnetic scavenger hunt deployment - 685
unstable rabbit deployment - 250
military grade rabbit receiving - 205
colorful bunny containment - 490
colorful chocolate deployment - 862
top secret egg workshop - 283
biohazardous dye deployment - 109
magnetic candy coating development - 872
projectile chocolate logistics - 326
radioactive egg workshop - 219
international scavenger hunt research - 574
fuzzy egg logistics - 640
magnetic dye financing - 641
weaponized candy coating financing - 187
magnetic classified plastic grass marketing - 705
consumer grade chocolate workshop - 521
classified candy operations - 680
colorful scavenger hunt containment - 721
magnetic dye engineering - 293
rampaging flower sales - 246
projectile egg financing - 434
weaponized scavenger hunt department - 227
corrosive colorful chocolate financing - 215
top secret jellybean operations - 809
consumer grade bunny deployment - 570
colorful bunny services - 680
consumer grade plastic grass shipping - 918
weaponized candy coating laboratory - 774
biohazardous jellybean marketing - 603
classified chocolate user testing - 522
consumer grade rabbit development - 804
unstable egg workshop - 402
biohazardous basket shipping - 619
projectile egg operations - 164
colorful dye financing - 431
rampaging plastic grass purchasing - 838
magnetic basket marketing - 955
top secret candy customer service - 937
weaponized flower engineering - 781
military grade bunny containment - 368
projectile plastic grass operations - 974
magnetic weaponized candy development - 213
fuzzy cryogenic dye engineering - 556
international flower storage - 158
corrosive plastic grass workshop - 291
corrosive consumer grade candy coating reacquisition - 541
top secret weaponized egg research - 886
cryogenic dye research - 805
fuzzy bunny technology - 372
biohazardous flower department - 788
biohazardous candy development - 614
colorful candy user testing - 319
projectile scavenger hunt analysis - 500
corrosive egg reacquisition - 239
international plastic grass research - 698
unstable flower shipping - 241
projectile flower technology - 333
rampaging plastic grass workshop - 541
cryogenic dye user testing - 246
corrosive candy reacquisition - 786
magnetic plastic grass reacquisition - 795
fuzzy basket reacquisition - 452
rampaging dye services - 798
unstable plastic grass development - 517
biohazardous radioactive basket design - 507
colorful candy coating laboratory - 245
colorful scavenger hunt services - 748
classified candy coating design - 209
radioactive egg financing - 973
top secret jellybean user testing - 596
magnetic rabbit technology - 107
biohazardous bunny shipping - 978
magnetic candy customer service - 713
colorful basket engineering - 140
international flower design - 721
classified cryogenic scavenger hunt training - 894
colorful candy receiving - 337
plastic grass research - 636
weaponized egg receiving - 379
part1 sum of sector codes 185371
